22:36:33.327 [main] ERROR Main - Baa, baa, black sheep,
22:36:33.334 [main] WARN  Main -  Have you any wool? 
22:36:33.336 [main] INFO  Main - Yes sir, yes sir,
22:36:33.336 [main] DEBUG Main - Three bags full.
22:36:33.337 [main] FATAL Main - One for the master,
22:46:22.958 [main] ERROR Main - Baa, baa, black sheep,
22:46:22.965 [main] WARN  Main -  Have you any wool? 
22:46:22.967 [main] INFO  Main - Yes sir, yes sir,
22:46:22.969 [main] DEBUG Main - Three bags full.
22:46:22.969 [main] FATAL Main - One for the master,
22:46:23.986 [main] ERROR Main - Baa, baa, black sheep,
22:46:23.986 [main] WARN  Main -  Have you any wool? 
22:46:23.988 [main] INFO  Main - Yes sir, yes sir,
22:46:23.990 [main] DEBUG Main - Three bags full.
22:46:23.993 [main] FATAL Main - One for the master,
22:52:19.760 [main] ERROR Main - Baa, baa, black sheep,
22:52:19.764 [main] WARN  Main -  Have you any wool? 
22:52:19.766 [main] INFO  Main - Yes sir, yes sir,
22:52:19.767 [main] DEBUG Main - Three bags full.
22:52:19.767 [main] FATAL Main - One for the master,
22:52:20.777 [main] ERROR Main - Baa, baa, black sheep,
22:52:20.778 [main] WARN  Main -  Have you any wool? 
22:52:20.781 [main] INFO  Main - Yes sir, yes sir,
22:52:20.782 [main] DEBUG Main - Three bags full.
22:52:20.783 [main] FATAL Main - One for the master,
22:52:21.796 [main] ERROR Main - Baa, baa, black sheep,
22:52:21.797 [main] WARN  Main -  Have you any wool? 
22:52:21.798 [main] INFO  Main - Yes sir, yes sir,
22:52:21.799 [main] DEBUG Main - Three bags full.
22:52:21.800 [main] FATAL Main - One for the master,
22:52:22.810 [main] ERROR Main - Baa, baa, black sheep,
22:52:22.812 [main] WARN  Main -  Have you any wool? 
22:52:22.813 [main] INFO  Main - Yes sir, yes sir,
22:52:22.814 [main] DEBUG Main - Three bags full.
22:52:22.815 [main] FATAL Main - One for the master,
22:53:04.762 [main] ERROR Main - Baa, baa, black sheep,
22:53:04.768 [main] WARN  Main -  Have you any wool? 
22:53:04.769 [main] INFO  Main - Yes sir, yes sir,
22:53:04.769 [main] DEBUG Main - Three bags full.
22:53:04.770 [main] FATAL Main - One for the master,
22:53:05.785 [main] ERROR Main - Baa, baa, black sheep,
22:53:05.786 [main] WARN  Main -  Have you any wool? 
22:53:05.787 [main] INFO  Main - Yes sir, yes sir,
22:53:05.788 [main] DEBUG Main - Three bags full.
22:53:05.788 [main] FATAL Main - One for the master,
22:57:31.553 [main] ERROR Main - Baa, baa, black sheep,
22:57:31.560 [main] WARN  Main -  Have you any wool? 
22:57:31.561 [main] INFO  Main - Yes sir, yes sir,
22:57:31.562 [main] DEBUG Main - Three bags full.
22:57:31.563 [main] FATAL Main - One for the master,
22:57:32.580 [main] ERROR Main - Baa, baa, black sheep,
22:57:32.582 [main] WARN  Main -  Have you any wool? 
22:57:32.583 [main] INFO  Main - Yes sir, yes sir,
22:57:32.585 [main] DEBUG Main - Three bags full.
22:57:32.586 [main] FATAL Main - One for the master,
23:01:31.718 [main] ERROR Main - Baa, baa, black sheep,
23:01:31.731 [main] WARN  Main -  Have you any wool? 
23:01:31.732 [main] INFO  Main - Yes sir, yes sir,
23:01:31.734 [main] DEBUG Main - Three bags full.
23:01:31.735 [main] FATAL Main - One for the master,
23:01:32.750 [main] ERROR Main - Baa, baa, black sheep,
23:01:32.752 [main] WARN  Main -  Have you any wool? 
23:01:32.784 [main] INFO  Main - Yes sir, yes sir,
23:01:32.785 [main] DEBUG Main - Three bags full.
23:01:32.786 [main] FATAL Main - One for the master,
